<?xml version="1.0" encoding="UTF-8"?>
<!-- Generated by org.testng.reporters.JUnitXMLReporter -->
<testsuite ignored="0" hostname="DESKTOP-NL8G54V" failures="0" tests="7" name="Command line test" time="75.793" errors="0" timestamp="2022-08-14T19:51:48 EDT">
  <testcase classname="tests.ConnectionTest" name="TestingConnection" time="7.758"/>
  <testcase classname="tests.ElementTest" name="Add_1" time="1.091"/>
  <testcase classname="tests.ElementTest" name="Add_100" time="55.798"/>
  <testcase classname="tests.ElementTest" name="Add_10_remove_1" time="6.202"/>
  <testcase classname="tests.ElementTest" name="Add_1_Remove_5" time="1.238"/>
  <testcase classname="tests.ElementTest" name="Add_1_remove_1" time="1.21"/>
  <testcase classname="tests.ElementTest" name="Remove_1" time="0.081"/>
</testsuite> <!-- Command line test -->
