<?xml version="1.0" encoding="UTF-8"?>
<testng-results ignored="0" total="7" passed="7" failed="0" skipped="0">
  <reporter-output>
  </reporter-output>
  <suite started-at="2022-08-14T19:50:32 EDT" name="Command line suite" finished-at="2022-08-14T19:51:48 EDT" duration-ms="75793">
    <groups>
    </groups>
    <test started-at="2022-08-14T19:50:32 EDT" name="Command line test" finished-at="2022-08-14T19:51:48 EDT" duration-ms="75793">
      <class name="tests.ElementTest">
        <test-method is-config="true" signature="setup()[pri:0, instance:tests.ElementTest@17c1bced]" started-at="2022-08-14T19:50:41 EDT" name="setup" finished-at="2022-08-14T19:50:42 EDT" duration-ms="903" status="PASS">
          <reporter-output>
          </reporter-output>
        </test-method> <!-- setup -->
        <test-method signature="Add_1()[pri:0, instance:tests.ElementTest@17c1bced]" started-at="2022-08-14T19:50:42 EDT" name="Add_1" finished-at="2022-08-14T19:50:43 EDT" duration-ms="1091" status="PASS">
          <reporter-output>
          </reporter-output>
        </test-method> <!-- Add_1 -->
        <test-method is-config="true" signature="screenshotOnFailure(org.testng.ITestResult)[pri:0, instance:tests.ElementTest@17c1bced]" started-at="2022-08-14T19:50:43 EDT" name="screenshotOnFailure" finished-at="2022-08-14T19:50:43 EDT" duration-ms="0" status="PASS">
          <params>
            <param index="0">
              <value>
                <![CDATA[[TestResult name=Add_1 status=SUCCESS method=ElementTest.Add_1()[pri:0, instance:tests.ElementTest@17c1bced] output={null}]]]>
              </value>
            </param>
          </params>
          <reporter-output>
          </reporter-output>
        </test-method> <!-- screenshotOnFailure -->
        <test-method signature="Add_100()[pri:0, instance:tests.ElementTest@17c1bced]" started-at="2022-08-14T19:50:43 EDT" name="Add_100" finished-at="2022-08-14T19:51:39 EDT" duration-ms="55798" status="PASS">
          <reporter-output>
          </reporter-output>
        </test-method> <!-- Add_100 -->
        <test-method is-config="true" signature="screenshotOnFailure(org.testng.ITestResult)[pri:0, instance:tests.ElementTest@17c1bced]" started-at="2022-08-14T19:51:39 EDT" name="screenshotOnFailure" finished-at="2022-08-14T19:51:39 EDT" duration-ms="1" status="PASS">
          <params>
            <param index="0">
              <value>
                <![CDATA[[TestResult name=Add_100 status=SUCCESS method=ElementTest.Add_100()[pri:0, instance:tests.ElementTest@17c1bced] output={null}]]]>
              </value>
            </param>
          </params>
          <reporter-output>
          </reporter-output>
        </test-method> <!-- screenshotOnFailure -->
        <test-method signature="Add_10_remove_1()[pri:0, instance:tests.ElementTest@17c1bced]" started-at="2022-08-14T19:51:39 EDT" name="Add_10_remove_1" finished-at="2022-08-14T19:51:45 EDT" duration-ms="6202" status="PASS">
          <reporter-output>
          </reporter-output>
        </test-method> <!-- Add_10_remove_1 -->
        <test-method is-config="true" signature="screenshotOnFailure(org.testng.ITestResult)[pri:0, instance:tests.ElementTest@17c1bced]" started-at="2022-08-14T19:51:45 EDT" name="screenshotOnFailure" finished-at="2022-08-14T19:51:45 EDT" duration-ms="1" status="PASS">
          <params>
            <param index="0">
              <value>
                <![CDATA[[TestResult name=Add_10_remove_1 status=SUCCESS method=ElementTest.Add_10_remove_1()[pri:0, instance:tests.ElementTest@17c1bced] output={null}]]]>
              </value>
            </param>
          </params>
          <reporter-output>
          </reporter-output>
        </test-method> <!-- screenshotOnFailure -->
        <test-method signature="Add_1_Remove_5()[pri:0, instance:tests.ElementTest@17c1bced]" started-at="2022-08-14T19:51:45 EDT" name="Add_1_Remove_5" finished-at="2022-08-14T19:51:46 EDT" duration-ms="1238" status="PASS">
          <reporter-output>
          </reporter-output>
        </test-method> <!-- Add_1_Remove_5 -->
        <test-method signature="Add_1_remove_1()[pri:0, instance:tests.ElementTest@17c1bced]" started-at="2022-08-14T19:51:46 EDT" name="Add_1_remove_1" finished-at="2022-08-14T19:51:48 EDT" duration-ms="1210" status="PASS">
          <reporter-output>
          </reporter-output>
        </test-method> <!-- Add_1_remove_1 -->
        <test-method is-config="true" signature="screenshotOnFailure(org.testng.ITestResult)[pri:0, instance:tests.ElementTest@17c1bced]" started-at="2022-08-14T19:51:46 EDT" name="screenshotOnFailure" finished-at="2022-08-14T19:51:46 EDT" duration-ms="0" status="PASS">
          <params>
            <param index="0">
              <value>
                <![CDATA[[TestResult name=Add_1_Remove_5 status=SUCCESS method=ElementTest.Add_1_Remove_5()[pri:0, instance:tests.ElementTest@17c1bced] output={null}]]]>
              </value>
            </param>
          </params>
          <reporter-output>
          </reporter-output>
        </test-method> <!-- screenshotOnFailure -->
        <test-method signature="Remove_1()[pri:0, instance:tests.ElementTest@17c1bced]" started-at="2022-08-14T19:51:48 EDT" name="Remove_1" finished-at="2022-08-14T19:51:48 EDT" duration-ms="81" status="PASS">
          <reporter-output>
          </reporter-output>
        </test-method> <!-- Remove_1 -->
        <test-method is-config="true" signature="screenshotOnFailure(org.testng.ITestResult)[pri:0, instance:tests.ElementTest@17c1bced]" started-at="2022-08-14T19:51:48 EDT" name="screenshotOnFailure" finished-at="2022-08-14T19:51:48 EDT" duration-ms="0" status="PASS">
          <params>
            <param index="0">
              <value>
                <![CDATA[[TestResult name=Add_1_remove_1 status=SUCCESS method=ElementTest.Add_1_remove_1()[pri:0, instance:tests.ElementTest@17c1bced] output={null}]]]>
              </value>
            </param>
          </params>
          <reporter-output>
          </reporter-output>
        </test-method> <!-- screenshotOnFailure -->
        <test-method is-config="true" signature="teardown()[pri:0, instance:tests.ElementTest@17c1bced]" started-at="2022-08-14T19:51:48 EDT" name="teardown" finished-at="2022-08-14T19:51:48 EDT" duration-ms="39" status="PASS">
          <reporter-output>
          </reporter-output>
        </test-method> <!-- teardown -->
        <test-method is-config="true" signature="screenshotOnFailure(org.testng.ITestResult)[pri:0, instance:tests.ElementTest@17c1bced]" started-at="2022-08-14T19:51:48 EDT" name="screenshotOnFailure" finished-at="2022-08-14T19:51:48 EDT" duration-ms="0" status="PASS">
          <params>
            <param index="0">
              <value>
                <![CDATA[[TestResult name=Remove_1 status=SUCCESS method=ElementTest.Remove_1()[pri:0, instance:tests.ElementTest@17c1bced] output={null}]]]>
              </value>
            </param>
          </params>
          <reporter-output>
          </reporter-output>
        </test-method> <!-- screenshotOnFailure -->
      </class> <!-- tests.ElementTest -->
      <class name="tests.ConnectionTest">
        <test-method is-config="true" signature="setup()[pri:0, instance:tests.ConnectionTest@161b062a]" started-at="2022-08-14T19:50:32 EDT" name="setup" finished-at="2022-08-14T19:50:33 EDT" duration-ms="1383" status="PASS">
          <reporter-output>
          </reporter-output>
        </test-method> <!-- setup -->
        <test-method signature="TestingConnection()[pri:0, instance:tests.ConnectionTest@161b062a]" started-at="2022-08-14T19:50:33 EDT" name="TestingConnection" finished-at="2022-08-14T19:50:41 EDT" duration-ms="7758" status="PASS">
          <reporter-output>
          </reporter-output>
        </test-method> <!-- TestingConnection -->
        <test-method is-config="true" signature="screenshotOnFailure(org.testng.ITestResult)[pri:0, instance:tests.ConnectionTest@161b062a]" started-at="2022-08-14T19:50:41 EDT" name="screenshotOnFailure" finished-at="2022-08-14T19:50:41 EDT" duration-ms="3" status="PASS">
          <params>
            <param index="0">
              <value>
                <![CDATA[[TestResult name=TestingConnection status=SUCCESS method=ConnectionTest.TestingConnection()[pri:0, instance:tests.ConnectionTest@161b062a] output={null}]]]>
              </value>
            </param>
          </params>
          <reporter-output>
          </reporter-output>
        </test-method> <!-- screenshotOnFailure -->
        <test-method is-config="true" signature="teardown()[pri:0, instance:tests.ConnectionTest@161b062a]" started-at="2022-08-14T19:50:41 EDT" name="teardown" finished-at="2022-08-14T19:50:41 EDT" duration-ms="43" status="PASS">
          <reporter-output>
          </reporter-output>
        </test-method> <!-- teardown -->
      </class> <!-- tests.ConnectionTest -->
    </test> <!-- Command line test -->
  </suite> <!-- Command line suite -->
</testng-results>
