<?xml version="1.0" encoding="UTF-8" ?>
<testsuite tests="7" failures="0" name="TestSuite" time="73.382" errors="0" skipped="0">
  <properties>
[...]
</properties>
  <testcase classname="tests.ConnectionTest" name="TestingConnection" time="7.76"/>
  <testcase classname="tests.ElementTest" name="Add_1" time="1.091"/>
  <testcase classname="tests.ElementTest" name="Add_100" time="55.799"/>
  <testcase classname="tests.ElementTest" name="Add_10_remove_1" time="6.202"/>
  <testcase classname="tests.ElementTest" name="Add_1_Remove_5" time="1.239"/>
  <testcase classname="tests.ElementTest" name="Add_1_remove_1" time="1.21"/>
  <testcase classname="tests.ElementTest" name="Remove_1" time="0.081"/>
</testsuite>